<?xml version="1.0" encoding="UTF-8"?>
<!-- Generated by org.testng.reporters.JUnitXMLReporter -->
<testsuite ignored="0" hostname="DESKTOP-5EH5M4D" failures="0" tests="3" name="Default test" time="125.808" errors="0" timestamp="2021-06-15T18:47:58 CEST">
  <testcase classname="automationTests.WishlistTests" name="addOneProductToWishlist" time="13.682"/>
  <testcase classname="automationTests.WishlistTests" name="removeWishlist" time="1.933"/>
  <testcase classname="automationTests.WishlistTests" name="addTwoProductsToWishlist" time="38.466"/>
</testsuite> <!-- Default test -->
