<?xml version="1.0" encoding="UTF-8"?>
<!-- Generated by org.testng.reporters.JUnitXMLReporter -->
<testsuite ignored="0" hostname="DESKTOP-5EH5M4D" failures="0" tests="6" name="Default test" time="72.081" errors="0" timestamp="2021-06-18T13:01:31 CEST">
  <testcase classname="automationTests.LoginTests" name="loginWithValidCredentials" time="4.436"/>
  <testcase classname="automationTests.LoginTests" name="loginWithInvalidCredentials" time="3.045"/>
  <testcase classname="automationTests.LoginTests" name="loginWithInvalidEmail" time="5.56"/>
  <testcase classname="automationTests.LoginTests" name="loginWithInvalidPassword" time="3.966"/>
  <testcase classname="automationTests.LoginTests" name="loginWithEmptyCredentials" time="8.735"/>
  <testcase classname="automationTests.LoginTests" name="userCanLogout" time="10.628"/>
</testsuite> <!-- Default test -->
